<?xml version="1.0" encoding="UTF-8"?>
<!-- Generated by org.testng.reporters.JUnitXMLReporter -->
<testsuite ignored="1" hostname="Ajays-MacBook-Air.local" failures="0" tests="1" name="Default test" time="63.246" errors="0" timestamp="2020-05-27T17:22:01 IST">
  <testcase classname="com.integrations.testcases.ContentIntegrationPageTest" name="createCSVIntegrationSource" time="28.789"/>
  <testcase classname="com.integrations.testcases.ContentIntegrationPageTest" name="createRSSIntegrationSource" time="0.0">
    <ignored/>
  </testcase> <!-- createRSSIntegrationSource -->
</testsuite> <!-- Default test -->
