<?xml version="1.0" encoding="UTF-8"?>
<!-- Generated by org.testng.reporters.JUnitXMLReporter -->
<testsuite ignored="0" hostname="Ajays-MacBook-Air.local" failures="1" tests="2" name="Content Integration" time="20.354" errors="0" timestamp="2020-05-23T20:00:58 IST">
  <testcase classname="com.integrations.testcases.LoginPageTest" name="validateLoginPageTitleTest" time="0.02"/>
  <testcase classname="com.integrations.testcases.LoginPageTest" name="loginTest" time="0.032">
    <failure type="java.lang.Error" message="Unresolved compilation problem: 
	The method beforeChangeValueOf(WebElement, WebDriver, CharSequence[]) of type WebEventListener must override a superclass method
">
      <![CDATA[java.lang.Error: Unresolved compilation problem: 
The method beforeChangeValueOf(WebElement, WebDriver, CharSequence[]) of type WebEventListener must override a superclass method

at com.integrations.util.WebEventListener.beforeChangeValueOf(WebEventListener.java:103)
at org.openqa.selenium.support.events.EventFiringWebDriver.lambda$new$0(EventFiringWebDriver.java:84)
at com.sun.proxy.$Proxy9.beforeChangeValueOf(Unknown Source)
at org.openqa.selenium.support.events.EventFiringWebDriver$EventFiringWebElement.sendKeys(EventFiringWebDriver.java:428)
at org.openqa.selenium.support.pagefactory.internal.LocatingElementHandler.invoke(LocatingElementHandler.java:51)
at com.sun.proxy.$Proxy14.sendKeys(Unknown Source)
at com.integrations.pages.LoginPage.login(LoginPage.java:37)
at com.integrations.testcases.LoginPageTest.loginTest(LoginPageTest.java:47)
at java.base/java.util.ArrayList.forEach(ArrayList.java:1507)
... Removed 35 stack frames]]>
    </failure>
  </testcase> <!-- loginTest -->
</testsuite> <!-- Content Integration -->
