<?xml version="1.0" encoding="UTF-8"?>
<testng-results ignored="1" total="2" passed="1" failed="0" skipped="0">
  <reporter-output>
  </reporter-output>
  <suite started-at="2020-05-27T17:20:53 IST" name="Default suite" finished-at="2020-05-27T17:21:56 IST" duration-ms="63246">
    <groups>
    </groups>
    <test started-at="2020-05-27T17:20:53 IST" name="Default test" finished-at="2020-05-27T17:21:56 IST" duration-ms="63246">
      <class name="com.integrations.testcases.ContentIntegrationPageTest">
        <test-method is-config="true" signature="setUp()[pri:0, instance:com.integrations.testcases.ContentIntegrationPageTest@1df82230]" started-at="2020-05-27T17:20:53 IST" name="setUp" finished-at="2020-05-27T17:21:27 IST" duration-ms="34006" status="PASS">
          <reporter-output>
          </reporter-output>
        </test-method> <!-- setUp -->
        <test-method signature="createCSVIntegrationSource()[pri:0, instance:com.integrations.testcases.ContentIntegrationPageTest@1df82230]" started-at="2020-05-27T17:21:27 IST" name="createCSVIntegrationSource" finished-at="2020-05-27T17:21:56 IST" duration-ms="28789" status="PASS">
          <reporter-output>
          </reporter-output>
        </test-method> <!-- createCSVIntegrationSource -->
        <test-method is-config="true" signature="tearDown()[pri:0, instance:com.integrations.testcases.ContentIntegrationPageTest@1df82230]" started-at="2020-05-27T17:21:56 IST" name="tearDown" finished-at="2020-05-27T17:21:56 IST" duration-ms="328" status="PASS">
          <reporter-output>
          </reporter-output>
        </test-method> <!-- tearDown -->
      </class> <!-- com.integrations.testcases.ContentIntegrationPageTest -->
    </test> <!-- Default test -->
  </suite> <!-- Default suite -->
</testng-results>
